2020-04-08 14:33:36.050  INFO 868 --- [restartedMain] l.m.community.CommunityApplication       : Starting CommunityApplication on DESKTOP-7OBSQNJ with PID 868 (E:\JavaProject\community\target\classes started by a1382 in E:\JavaProject\community)
2020-04-08 14:33:36.055  INFO 868 --- [restartedMain] l.m.community.CommunityApplication       : No active profile set, falling back to default profiles: default
2020-04-08 14:33:36.229  INFO 868 --- [restartedMain] .e.DevToolsPropertyDefaultsPostProcessor : Devtools property defaults active! Set 'spring.devtools.add-properties' to 'false' to disable
2020-04-08 14:33:36.229  INFO 868 --- [restartedMain] .e.DevToolsPropertyDefaultsPostProcessor : For additional web related logging consider setting the 'logging.level.web' property to 'DEBUG'
2020-04-08 14:33:36.354  WARN 868 --- [background-preinit] o.s.h.c.j.Jackson2ObjectMapperBuilder    : For Jackson Kotlin classes support please add "com.fasterxml.jackson.module:jackson-module-kotlin" to the classpath
2020-04-08 14:33:38.617  INFO 868 --- [restartedMain] o.s.b.w.embedded.tomcat.TomcatWebServer  : Tomcat initialized with port(s): 8887 (http)
2020-04-08 14:33:38.633  INFO 868 --- [restartedMain] o.apache.catalina.core.StandardService   : Starting service [Tomcat]
2020-04-08 14:33:38.633  INFO 868 --- [restartedMain] org.apache.catalina.core.StandardEngine  : Starting Servlet engine: [Apache Tomcat/9.0.31]
2020-04-08 14:33:38.635  INFO 868 --- [restartedMain] o.a.catalina.core.AprLifecycleListener   : Loaded APR based Apache Tomcat Native library [1.2.23] using APR version [1.7.0].
2020-04-08 14:33:38.636  INFO 868 --- [restartedMain] o.a.catalina.core.AprLifecycleListener   : APR capabilities: IPv6 [true], sendfile [true], accept filters [false], random [true].
2020-04-08 14:33:38.636  INFO 868 --- [restartedMain] o.a.catalina.core.AprLifecycleListener   : APR/OpenSSL configuration: useAprConnector [false], useOpenSSL [true]
2020-04-08 14:33:38.642  INFO 868 --- [restartedMain] o.a.catalina.core.AprLifecycleListener   : OpenSSL successfully initialized [OpenSSL 1.1.1c  28 May 2019]
2020-04-08 14:33:38.807  INFO 868 --- [restartedMain] o.a.c.c.C.[Tomcat].[localhost].[/]       : Initializing Spring embedded WebApplicationContext
2020-04-08 14:33:38.808  INFO 868 --- [restartedMain] o.s.web.context.ContextLoader            : Root WebApplicationContext: initialization completed in 2577 ms
2020-04-08 14:33:38.865  INFO 868 --- [restartedMain] com.zaxxer.hikari.HikariDataSource       : HikariPool-1 - Starting...
2020-04-08 14:33:39.047  INFO 868 --- [restartedMain] com.zaxxer.hikari.HikariDataSource       : HikariPool-1 - Start completed.
2020-04-08 14:33:39.059  INFO 868 --- [restartedMain] o.s.b.a.h2.H2ConsoleAutoConfiguration    : H2 console available at '/h2-console'. Database available at 'jdbc:h2:file:E:\JavaProject\community\community'
2020-04-08 14:33:39.894  INFO 868 --- [restartedMain] o.s.s.concurrent.ThreadPoolTaskExecutor  : Initializing ExecutorService 'applicationTaskExecutor'
2020-04-08 14:33:39.982  INFO 868 --- [restartedMain] o.s.b.a.w.s.WelcomePageHandlerMapping    : Adding welcome page template: index
2020-04-08 14:33:40.351  INFO 868 --- [restartedMain] o.s.b.d.a.OptionalLiveReloadServer       : LiveReload server is running on port 35729
2020-04-08 14:33:40.431  INFO 868 --- [restartedMain] o.s.b.w.embedded.tomcat.TomcatWebServer  : Tomcat started on port(s): 8887 (http) with context path ''
2020-04-08 14:33:40.436  INFO 868 --- [restartedMain] l.m.community.CommunityApplication       : Started CommunityApplication in 5.32 seconds (JVM running for 8.509)
